[2024-02-19 08:07:26] local.ERROR: SQLSTATE[HY000]: General error: 1005 Can't create table `estadoanimobasedato`.`eventos` (errno: 150 "Foreign key constraint is incorrectly formed") (SQL: alter table `eventos` add constraint `eventos_id_estado_foreign` foreign key (`ID_Estado`) references `estados` (`id`)) {"exception":"[object] (Illuminate\\Database\\QueryException(code: HY000): SQLSTATE[HY000]: General error: 1005 Can't create table `estadoanimobasedato`.`eventos` (errno: 150 \"Foreign key constraint is incorrectly formed\") (SQL: alter table `eventos` add constraint `eventos_id_estado_foreign` foreign key (`ID_Estado`) references `estados` (`id`)) at C:\\Users\\manue\\Desktop\\POST EXAMS\\TFG_Grupal\\TFG_Grupal_Estado_Animo\\vendor\\laravel\\framework\\src\\Illuminate\\Database\\Connection.php:760)
[stacktrace]
#0 C:\\Users\\manue\\Desktop\\POST EXAMS\\TFG_Grupal\\TFG_Grupal_Estado_Animo\\vendor\\laravel\\framework\\src\\Illuminate\\Database\\Connection.php(720): Illuminate\\Database\\Connection->runQueryCallback('alter table `ev...', Array, Object(Closure))
#1 C:\\Users\\manue\\Desktop\\POST EXAMS\\TFG_Grupal\\TFG_Grupal_Estado_Animo\\vendor\\laravel\\framework\\src\\Illuminate\\Database\\Connection.php(546): Illuminate\\Database\\Connection->run('alter table `ev...', Array, Object(Closure))
#2 C:\\Users\\manue\\Desktop\\POST EXAMS\\TFG_Grupal\\TFG_Grupal_Estado_Animo\\vendor\\laravel\\framework\\src\\Illuminate\\Database\\Schema\\Blueprint.php(109): Illuminate\\Database\\Connection->statement('alter table `ev...')
#3 C:\\Users\\manue\\Desktop\\POST EXAMS\\TFG_Grupal\\TFG_Grupal_Estado_Animo\\vendor\\laravel\\framework\\src\\Illuminate\\Database\\Schema\\Builder.php(439): Illuminate\\Database\\Schema\\Blueprint->build(Object(Illuminate\\Database\\MySqlConnection), Object(Illuminate\\Database\\Schema\\Grammars\\MySqlGrammar))
#4 C:\\Users\\manue\\Desktop\\POST EXAMS\\TFG_Grupal\\TFG_Grupal_Estado_Animo\\vendor\\laravel\\framework\\src\\Illuminate\\Database\\Schema\\Builder.php(285): Illuminate\\Database\\Schema\\Builder->build(Object(Illuminate\\Database\\Schema\\Blueprint))
#5 C:\\Users\\manue\\Desktop\\POST EXAMS\\TFG_Grupal\\TFG_Grupal_Estado_Animo\\vendor\\laravel\\framework\\src\\Illuminate\\Support\\Facades\\Facade.php(338): Illuminate\\Database\\Schema\\Builder->create('eventos', Object(Closure))
#6 C:\\Users\\manue\\Desktop\\POST EXAMS\\TFG_Grupal\\TFG_Grupal_Estado_Animo\\database\\migrations\\2024_02_19_075709_create_eventos_table.php(27): Illuminate\\Support\\Facades\\Facade::__callStatic('create', Array)
#7 C:\\Users\\manue\\Desktop\\POST EXAMS\\TFG_Grupal\\TFG_Grupal_Estado_Animo\\vendor\\laravel\\framework\\src\\Illuminate\\Database\\Migrations\\Migrator.php(488): Illuminate\\Database\\Migrations\\Migration@anonymous->up()
#8 C:\\Users\\manue\\Desktop\\POST EXAMS\\TFG_Grupal\\TFG_Grupal_Estado_Animo\\vendor\\laravel\\framework\\src\\Illuminate\\Database\\Migrations\\Migrator.php(406): Illuminate\\Database\\Migrations\\Migrator->runMethod(Object(Illuminate\\Database\\MySqlConnection), Object(Illuminate\\Database\\Migrations\\Migration@anonymous), 'up')
#9 C:\\Users\\manue\\Desktop\\POST EXAMS\\TFG_Grupal\\TFG_Grupal_Estado_Animo\\vendor\\laravel\\framework\\src\\Illuminate\\Database\\Migrations\\Migrator.php(415): Illuminate\\Database\\Migrations\\Migrator->Illuminate\\Database\\Migrations\\{closure}()
#10 C:\\Users\\manue\\Desktop\\POST EXAMS\\TFG_Grupal\\TFG_Grupal_Estado_Animo\\vendor\\laravel\\framework\\src\\Illuminate\\Database\\Migrations\\Migrator.php(216): Illuminate\\Database\\Migrations\\Migrator->runMigration(Object(Illuminate\\Database\\Migrations\\Migration@anonymous), 'up')
#11 C:\\Users\\manue\\Desktop\\POST EXAMS\\TFG_Grupal\\TFG_Grupal_Estado_Animo\\vendor\\laravel\\framework\\src\\Illuminate\\Console\\View\\Components\\Task.php(37): Illuminate\\Database\\Migrations\\Migrator->Illuminate\\Database\\Migrations\\{closure}()
#12 C:\\Users\\manue\\Desktop\\POST EXAMS\\TFG_Grupal\\TFG_Grupal_Estado_Animo\\vendor\\laravel\\framework\\src\\Illuminate\\Database\\Migrations\\Migrator.php(751): Illuminate\\Console\\View\\Components\\Task->render('2024_02_19_0757...', Object(Closure))
#13 C:\\Users\\manue\\Desktop\\POST EXAMS\\TFG_Grupal\\TFG_Grupal_Estado_Animo\\vendor\\laravel\\framework\\src\\Illuminate\\Database\\Migrations\\Migrator.php(216): Illuminate\\Database\\Migrations\\Migrator->write('Illuminate\\\\Cons...', '2024_02_19_0757...', Object(Closure))
#14 C:\\Users\\manue\\Desktop\\POST EXAMS\\TFG_Grupal\\TFG_Grupal_Estado_Animo\\vendor\\laravel\\framework\\src\\Illuminate\\Database\\Migrations\\Migrator.php(181): Illuminate\\Database\\Migrations\\Migrator->runUp('C:\\\\Users\\\\manue\\\\...', 1, false)
#15 C:\\Users\\manue\\Desktop\\POST EXAMS\\TFG_Grupal\\TFG_Grupal_Estado_Animo\\vendor\\laravel\\framework\\src\\Illuminate\\Database\\Migrations\\Migrator.php(124): Illuminate\\Database\\Migrations\\Migrator->runPending(Array, Array)
#16 C:\\Users\\manue\\Desktop\\POST EXAMS\\TFG_Grupal\\TFG_Grupal_Estado_Animo\\vendor\\laravel\\framework\\src\\Illuminate\\Database\\Console\\Migrations\\MigrateCommand.php(90): Illuminate\\Database\\Migrations\\Migrator->run(Array, Array)
#17 C:\\Users\\manue\\Desktop\\POST EXAMS\\TFG_Grupal\\TFG_Grupal_Estado_Animo\\vendor\\laravel\\framework\\src\\Illuminate\\Database\\Migrations\\Migrator.php(628): Illuminate\\Database\\Console\\Migrations\\MigrateCommand->Illuminate\\Database\\Console\\Migrations\\{closure}()
#18 C:\\Users\\manue\\Desktop\\POST EXAMS\\TFG_Grupal\\TFG_Grupal_Estado_Animo\\vendor\\laravel\\framework\\src\\Illuminate\\Database\\Console\\Migrations\\MigrateCommand.php(102): Illuminate\\Database\\Migrations\\Migrator->usingConnection(NULL, Object(Closure))
#19 C:\\Users\\manue\\Desktop\\POST EXAMS\\TFG_Grupal\\TFG_Grupal_Estado_Animo\\vendor\\laravel\\framework\\src\\Illuminate\\Container\\BoundMethod.php(36): Illuminate\\Database\\Console\\Migrations\\MigrateCommand->handle()
#20 C:\\Users\\manue\\Desktop\\POST EXAMS\\TFG_Grupal\\TFG_Grupal_Estado_Animo\\vendor\\laravel\\framework\\src\\Illuminate\\Container\\Util.php(41): Illuminate\\Container\\BoundMethod::Illuminate\\Container\\{closure}()
#21 C:\\Users\\manue\\Desktop\\POST EXAMS\\TFG_Grupal\\TFG_Grupal_Estado_Animo\\vendor\\laravel\\framework\\src\\Illuminate\\Container\\BoundMethod.php(93): Illuminate\\Container\\Util::unwrapIfClosure(Object(Closure))
#22 C:\\Users\\manue\\Desktop\\POST EXAMS\\TFG_Grupal\\TFG_Grupal_Estado_Animo\\vendor\\laravel\\framework\\src\\Illuminate\\Container\\BoundMethod.php(37): Illuminate\\Container\\BoundMethod::callBoundMethod(Object(Illuminate\\Foundation\\Application), Array, Object(Closure))
#23 C:\\Users\\manue\\Desktop\\POST EXAMS\\TFG_Grupal\\TFG_Grupal_Estado_Animo\\vendor\\laravel\\framework\\src\\Illuminate\\Container\\Container.php(661): Illuminate\\Container\\BoundMethod::call(Object(Illuminate\\Foundation\\Application), Array, Array, NULL)
#24 C:\\Users\\manue\\Desktop\\POST EXAMS\\TFG_Grupal\\TFG_Grupal_Estado_Animo\\vendor\\laravel\\framework\\src\\Illuminate\\Console\\Command.php(183): Illuminate\\Container\\Container->call(Array)
#25 C:\\Users\\manue\\Desktop\\POST EXAMS\\TFG_Grupal\\TFG_Grupal_Estado_Animo\\vendor\\symfony\\console\\Command\\Command.php(291): Illuminate\\Console\\Command->execute(Object(Symfony\\Component\\Console\\Input\\ArgvInput), Object(Illuminate\\Console\\OutputStyle))
#26 C:\\Users\\manue\\Desktop\\POST EXAMS\\TFG_Grupal\\TFG_Grupal_Estado_Animo\\vendor\\laravel\\framework\\src\\Illuminate\\Console\\Command.php(153): Symfony\\Component\\Console\\Command\\Command->run(Object(Symfony\\Component\\Console\\Input\\ArgvInput), Object(Illuminate\\Console\\OutputStyle))
#27 C:\\Users\\manue\\Desktop\\POST EXAMS\\TFG_Grupal\\TFG_Grupal_Estado_Animo\\vendor\\symfony\\console\\Application.php(1014): Illuminate\\Console\\Command->run(Object(Symfony\\Component\\Console\\Input\\ArgvInput), Object(Symfony\\Component\\Console\\Output\\ConsoleOutput))
#28 C:\\Users\\manue\\Desktop\\POST EXAMS\\TFG_Grupal\\TFG_Grupal_Estado_Animo\\vendor\\symfony\\console\\Application.php(301): Symfony\\Component\\Console\\Application->doRunCommand(Object(Illuminate\\Database\\Console\\Migrations\\MigrateCommand), Object(Symfony\\Component\\Console\\Input\\ArgvInput), Object(Symfony\\Component\\Console\\Output\\ConsoleOutput))
#29 C:\\Users\\manue\\Desktop\\POST EXAMS\\TFG_Grupal\\TFG_Grupal_Estado_Animo\\vendor\\symfony\\console\\Application.php(171): Symfony\\Component\\Console\\Application->doRun(Object(Symfony\\Component\\Console\\Input\\ArgvInput), Object(Symfony\\Component\\Console\\Output\\ConsoleOutput))
#30 C:\\Users\\manue\\Desktop\\POST EXAMS\\TFG_Grupal\\TFG_Grupal_Estado_Animo\\vendor\\laravel\\framework\\src\\Illuminate\\Console\\Application.php(102): Symfony\\Component\\Console\\Application->run(Object(Symfony\\Component\\Console\\Input\\ArgvInput), Object(Symfony\\Component\\Console\\Output\\ConsoleOutput))
#31 C:\\Users\\manue\\Desktop\\POST EXAMS\\TFG_Grupal\\TFG_Grupal_Estado_Animo\\vendor\\laravel\\framework\\src\\Illuminate\\Foundation\\Console\\Kernel.php(155): Illuminate\\Console\\Application->run(Object(Symfony\\Component\\Console\\Input\\ArgvInput), Object(Symfony\\Component\\Console\\Output\\ConsoleOutput))
#32 C:\\Users\\manue\\Desktop\\POST EXAMS\\TFG_Grupal\\TFG_Grupal_Estado_Animo\\artisan(37): Illuminate\\Foundation\\Console\\Kernel->handle(Object(Symfony\\Component\\Console\\Input\\ArgvInput), Object(Symfony\\Component\\Console\\Output\\ConsoleOutput))
#33 {main}

[previous exception] [object] (PDOException(code: HY000): SQLSTATE[HY000]: General error: 1005 Can't create table `estadoanimobasedato`.`eventos` (errno: 150 \"Foreign key constraint is incorrectly formed\") at C:\\Users\\manue\\Desktop\\POST EXAMS\\TFG_Grupal\\TFG_Grupal_Estado_Animo\\vendor\\laravel\\framework\\src\\Illuminate\\Database\\Connection.php:545)
[stacktrace]
#0 C:\\Users\\manue\\Desktop\\POST EXAMS\\TFG_Grupal\\TFG_Grupal_Estado_Animo\\vendor\\laravel\\framework\\src\\Illuminate\\Database\\Connection.php(545): PDOStatement->execute()
#1 C:\\Users\\manue\\Desktop\\POST EXAMS\\TFG_Grupal\\TFG_Grupal_Estado_Animo\\vendor\\laravel\\framework\\src\\Illuminate\\Database\\Connection.php(753): Illuminate\\Database\\Connection->Illuminate\\Database\\{closure}('alter table `ev...', Array)
#2 C:\\Users\\manue\\Desktop\\POST EXAMS\\TFG_Grupal\\TFG_Grupal_Estado_Animo\\vendor\\laravel\\framework\\src\\Illuminate\\Database\\Connection.php(720): Illuminate\\Database\\Connection->runQueryCallback('alter table `ev...', Array, Object(Closure))
#3 C:\\Users\\manue\\Desktop\\POST EXAMS\\TFG_Grupal\\TFG_Grupal_Estado_Animo\\vendor\\laravel\\framework\\src\\Illuminate\\Database\\Connection.php(546): Illuminate\\Database\\Connection->run('alter table `ev...', Array, Object(Closure))
#4 C:\\Users\\manue\\Desktop\\POST EXAMS\\TFG_Grupal\\TFG_Grupal_Estado_Animo\\vendor\\laravel\\framework\\src\\Illuminate\\Database\\Schema\\Blueprint.php(109): Illuminate\\Database\\Connection->statement('alter table `ev...')
#5 C:\\Users\\manue\\Desktop\\POST EXAMS\\TFG_Grupal\\TFG_Grupal_Estado_Animo\\vendor\\laravel\\framework\\src\\Illuminate\\Database\\Schema\\Builder.php(439): Illuminate\\Database\\Schema\\Blueprint->build(Object(Illuminate\\Database\\MySqlConnection), Object(Illuminate\\Database\\Schema\\Grammars\\MySqlGrammar))
#6 C:\\Users\\manue\\Desktop\\POST EXAMS\\TFG_Grupal\\TFG_Grupal_Estado_Animo\\vendor\\laravel\\framework\\src\\Illuminate\\Database\\Schema\\Builder.php(285): Illuminate\\Database\\Schema\\Builder->build(Object(Illuminate\\Database\\Schema\\Blueprint))
#7 C:\\Users\\manue\\Desktop\\POST EXAMS\\TFG_Grupal\\TFG_Grupal_Estado_Animo\\vendor\\laravel\\framework\\src\\Illuminate\\Support\\Facades\\Facade.php(338): Illuminate\\Database\\Schema\\Builder->create('eventos', Object(Closure))
#8 C:\\Users\\manue\\Desktop\\POST EXAMS\\TFG_Grupal\\TFG_Grupal_Estado_Animo\\database\\migrations\\2024_02_19_075709_create_eventos_table.php(27): Illuminate\\Support\\Facades\\Facade::__callStatic('create', Array)
#9 C:\\Users\\manue\\Desktop\\POST EXAMS\\TFG_Grupal\\TFG_Grupal_Estado_Animo\\vendor\\laravel\\framework\\src\\Illuminate\\Database\\Migrations\\Migrator.php(488): Illuminate\\Database\\Migrations\\Migration@anonymous->up()
#10 C:\\Users\\manue\\Desktop\\POST EXAMS\\TFG_Grupal\\TFG_Grupal_Estado_Animo\\vendor\\laravel\\framework\\src\\Illuminate\\Database\\Migrations\\Migrator.php(406): Illuminate\\Database\\Migrations\\Migrator->runMethod(Object(Illuminate\\Database\\MySqlConnection), Object(Illuminate\\Database\\Migrations\\Migration@anonymous), 'up')
#11 C:\\Users\\manue\\Desktop\\POST EXAMS\\TFG_Grupal\\TFG_Grupal_Estado_Animo\\vendor\\laravel\\framework\\src\\Illuminate\\Database\\Migrations\\Migrator.php(415): Illuminate\\Database\\Migrations\\Migrator->Illuminate\\Database\\Migrations\\{closure}()
#12 C:\\Users\\manue\\Desktop\\POST EXAMS\\TFG_Grupal\\TFG_Grupal_Estado_Animo\\vendor\\laravel\\framework\\src\\Illuminate\\Database\\Migrations\\Migrator.php(216): Illuminate\\Database\\Migrations\\Migrator->runMigration(Object(Illuminate\\Database\\Migrations\\Migration@anonymous), 'up')
#13 C:\\Users\\manue\\Desktop\\POST EXAMS\\TFG_Grupal\\TFG_Grupal_Estado_Animo\\vendor\\laravel\\framework\\src\\Illuminate\\Console\\View\\Components\\Task.php(37): Illuminate\\Database\\Migrations\\Migrator->Illuminate\\Database\\Migrations\\{closure}()
#14 C:\\Users\\manue\\Desktop\\POST EXAMS\\TFG_Grupal\\TFG_Grupal_Estado_Animo\\vendor\\laravel\\framework\\src\\Illuminate\\Database\\Migrations\\Migrator.php(751): Illuminate\\Console\\View\\Components\\Task->render('2024_02_19_0757...', Object(Closure))
#15 C:\\Users\\manue\\Desktop\\POST EXAMS\\TFG_Grupal\\TFG_Grupal_Estado_Animo\\vendor\\laravel\\framework\\src\\Illuminate\\Database\\Migrations\\Migrator.php(216): Illuminate\\Database\\Migrations\\Migrator->write('Illuminate\\\\Cons...', '2024_02_19_0757...', Object(Closure))
#16 C:\\Users\\manue\\Desktop\\POST EXAMS\\TFG_Grupal\\TFG_Grupal_Estado_Animo\\vendor\\laravel\\framework\\src\\Illuminate\\Database\\Migrations\\Migrator.php(181): Illuminate\\Database\\Migrations\\Migrator->runUp('C:\\\\Users\\\\manue\\\\...', 1, false)
#17 C:\\Users\\manue\\Desktop\\POST EXAMS\\TFG_Grupal\\TFG_Grupal_Estado_Animo\\vendor\\laravel\\framework\\src\\Illuminate\\Database\\Migrations\\Migrator.php(124): Illuminate\\Database\\Migrations\\Migrator->runPending(Array, Array)
#18 C:\\Users\\manue\\Desktop\\POST EXAMS\\TFG_Grupal\\TFG_Grupal_Estado_Animo\\vendor\\laravel\\framework\\src\\Illuminate\\Database\\Console\\Migrations\\MigrateCommand.php(90): Illuminate\\Database\\Migrations\\Migrator->run(Array, Array)
#19 C:\\Users\\manue\\Desktop\\POST EXAMS\\TFG_Grupal\\TFG_Grupal_Estado_Animo\\vendor\\laravel\\framework\\src\\Illuminate\\Database\\Migrations\\Migrator.php(628): Illuminate\\Database\\Console\\Migrations\\MigrateCommand->Illuminate\\Database\\Console\\Migrations\\{closure}()
#20 C:\\Users\\manue\\Desktop\\POST EXAMS\\TFG_Grupal\\TFG_Grupal_Estado_Animo\\vendor\\laravel\\framework\\src\\Illuminate\\Database\\Console\\Migrations\\MigrateCommand.php(102): Illuminate\\Database\\Migrations\\Migrator->usingConnection(NULL, Object(Closure))
#21 C:\\Users\\manue\\Desktop\\POST EXAMS\\TFG_Grupal\\TFG_Grupal_Estado_Animo\\vendor\\laravel\\framework\\src\\Illuminate\\Container\\BoundMethod.php(36): Illuminate\\Database\\Console\\Migrations\\MigrateCommand->handle()
#22 C:\\Users\\manue\\Desktop\\POST EXAMS\\TFG_Grupal\\TFG_Grupal_Estado_Animo\\vendor\\laravel\\framework\\src\\Illuminate\\Container\\Util.php(41): Illuminate\\Container\\BoundMethod::Illuminate\\Container\\{closure}()
#23 C:\\Users\\manue\\Desktop\\POST EXAMS\\TFG_Grupal\\TFG_Grupal_Estado_Animo\\vendor\\laravel\\framework\\src\\Illuminate\\Container\\BoundMethod.php(93): Illuminate\\Container\\Util::unwrapIfClosure(Object(Closure))
#24 C:\\Users\\manue\\Desktop\\POST EXAMS\\TFG_Grupal\\TFG_Grupal_Estado_Animo\\vendor\\laravel\\framework\\src\\Illuminate\\Container\\BoundMethod.php(37): Illuminate\\Container\\BoundMethod::callBoundMethod(Object(Illuminate\\Foundation\\Application), Array, Object(Closure))
#25 C:\\Users\\manue\\Desktop\\POST EXAMS\\TFG_Grupal\\TFG_Grupal_Estado_Animo\\vendor\\laravel\\framework\\src\\Illuminate\\Container\\Container.php(661): Illuminate\\Container\\BoundMethod::call(Object(Illuminate\\Foundation\\Application), Array, Array, NULL)
#26 C:\\Users\\manue\\Desktop\\POST EXAMS\\TFG_Grupal\\TFG_Grupal_Estado_Animo\\vendor\\laravel\\framework\\src\\Illuminate\\Console\\Command.php(183): Illuminate\\Container\\Container->call(Array)
#27 C:\\Users\\manue\\Desktop\\POST EXAMS\\TFG_Grupal\\TFG_Grupal_Estado_Animo\\vendor\\symfony\\console\\Command\\Command.php(291): Illuminate\\Console\\Command->execute(Object(Symfony\\Component\\Console\\Input\\ArgvInput), Object(Illuminate\\Console\\OutputStyle))
#28 C:\\Users\\manue\\Desktop\\POST EXAMS\\TFG_Grupal\\TFG_Grupal_Estado_Animo\\vendor\\laravel\\framework\\src\\Illuminate\\Console\\Command.php(153): Symfony\\Component\\Console\\Command\\Command->run(Object(Symfony\\Component\\Console\\Input\\ArgvInput), Object(Illuminate\\Console\\OutputStyle))
#29 C:\\Users\\manue\\Desktop\\POST EXAMS\\TFG_Grupal\\TFG_Grupal_Estado_Animo\\vendor\\symfony\\console\\Application.php(1014): Illuminate\\Console\\Command->run(Object(Symfony\\Component\\Console\\Input\\ArgvInput), Object(Symfony\\Component\\Console\\Output\\ConsoleOutput))
#30 C:\\Users\\manue\\Desktop\\POST EXAMS\\TFG_Grupal\\TFG_Grupal_Estado_Animo\\vendor\\symfony\\console\\Application.php(301): Symfony\\Component\\Console\\Application->doRunCommand(Object(Illuminate\\Database\\Console\\Migrations\\MigrateCommand), Object(Symfony\\Component\\Console\\Input\\ArgvInput), Object(Symfony\\Component\\Console\\Output\\ConsoleOutput))
#31 C:\\Users\\manue\\Desktop\\POST EXAMS\\TFG_Grupal\\TFG_Grupal_Estado_Animo\\vendor\\symfony\\console\\Application.php(171): Symfony\\Component\\Console\\Application->doRun(Object(Symfony\\Component\\Console\\Input\\ArgvInput), Object(Symfony\\Component\\Console\\Output\\ConsoleOutput))
#32 C:\\Users\\manue\\Desktop\\POST EXAMS\\TFG_Grupal\\TFG_Grupal_Estado_Animo\\vendor\\laravel\\framework\\src\\Illuminate\\Console\\Application.php(102): Symfony\\Component\\Console\\Application->run(Object(Symfony\\Component\\Console\\Input\\ArgvInput), Object(Symfony\\Component\\Console\\Output\\ConsoleOutput))
#33 C:\\Users\\manue\\Desktop\\POST EXAMS\\TFG_Grupal\\TFG_Grupal_Estado_Animo\\vendor\\laravel\\framework\\src\\Illuminate\\Foundation\\Console\\Kernel.php(155): Illuminate\\Console\\Application->run(Object(Symfony\\Component\\Console\\Input\\ArgvInput), Object(Symfony\\Component\\Console\\Output\\ConsoleOutput))
#34 C:\\Users\\manue\\Desktop\\POST EXAMS\\TFG_Grupal\\TFG_Grupal_Estado_Animo\\artisan(37): Illuminate\\Foundation\\Console\\Kernel->handle(Object(Symfony\\Component\\Console\\Input\\ArgvInput), Object(Symfony\\Component\\Console\\Output\\ConsoleOutput))
#35 {main}
"} 
[2024-02-19 08:14:51] local.ERROR: SQLSTATE[42S01]: Base table or view already exists: 1050 Table 'eventos' already exists (SQL: create table `eventos` (`ID_Evento` bigint unsigned not null auto_increment primary key, `ID_Estado` bigint unsigned not null, `ID_Usuario` bigint unsigned not null, `Franja_horaria` varchar(255) not null, `Fecha` date not null, `ID_Actividad` bigint unsigned not null, `created_at` timestamp null, `updated_at` timestamp null) default character set utf8mb4 collate 'utf8mb4_unicode_ci') {"exception":"[object] (Illuminate\\Database\\QueryException(code: 42S01): SQLSTATE[42S01]: Base table or view already exists: 1050 Table 'eventos' already exists (SQL: create table `eventos` (`ID_Evento` bigint unsigned not null auto_increment primary key, `ID_Estado` bigint unsigned not null, `ID_Usuario` bigint unsigned not null, `Franja_horaria` varchar(255) not null, `Fecha` date not null, `ID_Actividad` bigint unsigned not null, `created_at` timestamp null, `updated_at` timestamp null) default character set utf8mb4 collate 'utf8mb4_unicode_ci') at C:\\Users\\manue\\Desktop\\POST EXAMS\\TFG_Grupal\\TFG_Grupal_Estado_Animo\\vendor\\laravel\\framework\\src\\Illuminate\\Database\\Connection.php:760)
[stacktrace]
#0 C:\\Users\\manue\\Desktop\\POST EXAMS\\TFG_Grupal\\TFG_Grupal_Estado_Animo\\vendor\\laravel\\framework\\src\\Illuminate\\Database\\Connection.php(720): Illuminate\\Database\\Connection->runQueryCallback('create table `e...', Array, Object(Closure))
#1 C:\\Users\\manue\\Desktop\\POST EXAMS\\TFG_Grupal\\TFG_Grupal_Estado_Animo\\vendor\\laravel\\framework\\src\\Illuminate\\Database\\Connection.php(546): Illuminate\\Database\\Connection->run('create table `e...', Array, Object(Closure))
#2 C:\\Users\\manue\\Desktop\\POST EXAMS\\TFG_Grupal\\TFG_Grupal_Estado_Animo\\vendor\\laravel\\framework\\src\\Illuminate\\Database\\Schema\\Blueprint.php(109): Illuminate\\Database\\Connection->statement('create table `e...')
#3 C:\\Users\\manue\\Desktop\\POST EXAMS\\TFG_Grupal\\TFG_Grupal_Estado_Animo\\vendor\\laravel\\framework\\src\\Illuminate\\Database\\Schema\\Builder.php(439): Illuminate\\Database\\Schema\\Blueprint->build(Object(Illuminate\\Database\\MySqlConnection), Object(Illuminate\\Database\\Schema\\Grammars\\MySqlGrammar))
#4 C:\\Users\\manue\\Desktop\\POST EXAMS\\TFG_Grupal\\TFG_Grupal_Estado_Animo\\vendor\\laravel\\framework\\src\\Illuminate\\Database\\Schema\\Builder.php(285): Illuminate\\Database\\Schema\\Builder->build(Object(Illuminate\\Database\\Schema\\Blueprint))
#5 C:\\Users\\manue\\Desktop\\POST EXAMS\\TFG_Grupal\\TFG_Grupal_Estado_Animo\\vendor\\laravel\\framework\\src\\Illuminate\\Support\\Facades\\Facade.php(338): Illuminate\\Database\\Schema\\Builder->create('eventos', Object(Closure))
#6 C:\\Users\\manue\\Desktop\\POST EXAMS\\TFG_Grupal\\TFG_Grupal_Estado_Animo\\database\\migrations\\2024_02_19_075709_create_eventos_table.php(27): Illuminate\\Support\\Facades\\Facade::__callStatic('create', Array)
#7 C:\\Users\\manue\\Desktop\\POST EXAMS\\TFG_Grupal\\TFG_Grupal_Estado_Animo\\vendor\\laravel\\framework\\src\\Illuminate\\Database\\Migrations\\Migrator.php(488): Illuminate\\Database\\Migrations\\Migration@anonymous->up()
#8 C:\\Users\\manue\\Desktop\\POST EXAMS\\TFG_Grupal\\TFG_Grupal_Estado_Animo\\vendor\\laravel\\framework\\src\\Illuminate\\Database\\Migrations\\Migrator.php(406): Illuminate\\Database\\Migrations\\Migrator->runMethod(Object(Illuminate\\Database\\MySqlConnection), Object(Illuminate\\Database\\Migrations\\Migration@anonymous), 'up')
#9 C:\\Users\\manue\\Desktop\\POST EXAMS\\TFG_Grupal\\TFG_Grupal_Estado_Animo\\vendor\\laravel\\framework\\src\\Illuminate\\Database\\Migrations\\Migrator.php(415): Illuminate\\Database\\Migrations\\Migrator->Illuminate\\Database\\Migrations\\{closure}()
#10 C:\\Users\\manue\\Desktop\\POST EXAMS\\TFG_Grupal\\TFG_Grupal_Estado_Animo\\vendor\\laravel\\framework\\src\\Illuminate\\Database\\Migrations\\Migrator.php(216): Illuminate\\Database\\Migrations\\Migrator->runMigration(Object(Illuminate\\Database\\Migrations\\Migration@anonymous), 'up')
#11 C:\\Users\\manue\\Desktop\\POST EXAMS\\TFG_Grupal\\TFG_Grupal_Estado_Animo\\vendor\\laravel\\framework\\src\\Illuminate\\Console\\View\\Components\\Task.php(37): Illuminate\\Database\\Migrations\\Migrator->Illuminate\\Database\\Migrations\\{closure}()
#12 C:\\Users\\manue\\Desktop\\POST EXAMS\\TFG_Grupal\\TFG_Grupal_Estado_Animo\\vendor\\laravel\\framework\\src\\Illuminate\\Database\\Migrations\\Migrator.php(751): Illuminate\\Console\\View\\Components\\Task->render('2024_02_19_0757...', Object(Closure))
#13 C:\\Users\\manue\\Desktop\\POST EXAMS\\TFG_Grupal\\TFG_Grupal_Estado_Animo\\vendor\\laravel\\framework\\src\\Illuminate\\Database\\Migrations\\Migrator.php(216): Illuminate\\Database\\Migrations\\Migrator->write('Illuminate\\\\Cons...', '2024_02_19_0757...', Object(Closure))
#14 C:\\Users\\manue\\Desktop\\POST EXAMS\\TFG_Grupal\\TFG_Grupal_Estado_Animo\\vendor\\laravel\\framework\\src\\Illuminate\\Database\\Migrations\\Migrator.php(181): Illuminate\\Database\\Migrations\\Migrator->runUp('C:\\\\Users\\\\manue\\\\...', 2, false)
#15 C:\\Users\\manue\\Desktop\\POST EXAMS\\TFG_Grupal\\TFG_Grupal_Estado_Animo\\vendor\\laravel\\framework\\src\\Illuminate\\Database\\Migrations\\Migrator.php(124): Illuminate\\Database\\Migrations\\Migrator->runPending(Array, Array)
#16 C:\\Users\\manue\\Desktop\\POST EXAMS\\TFG_Grupal\\TFG_Grupal_Estado_Animo\\vendor\\laravel\\framework\\src\\Illuminate\\Database\\Console\\Migrations\\MigrateCommand.php(90): Illuminate\\Database\\Migrations\\Migrator->run(Array, Array)
#17 C:\\Users\\manue\\Desktop\\POST EXAMS\\TFG_Grupal\\TFG_Grupal_Estado_Animo\\vendor\\laravel\\framework\\src\\Illuminate\\Database\\Migrations\\Migrator.php(628): Illuminate\\Database\\Console\\Migrations\\MigrateCommand->Illuminate\\Database\\Console\\Migrations\\{closure}()
#18 C:\\Users\\manue\\Desktop\\POST EXAMS\\TFG_Grupal\\TFG_Grupal_Estado_Animo\\vendor\\laravel\\framework\\src\\Illuminate\\Database\\Console\\Migrations\\MigrateCommand.php(102): Illuminate\\Database\\Migrations\\Migrator->usingConnection(NULL, Object(Closure))
#19 C:\\Users\\manue\\Desktop\\POST EXAMS\\TFG_Grupal\\TFG_Grupal_Estado_Animo\\vendor\\laravel\\framework\\src\\Illuminate\\Container\\BoundMethod.php(36): Illuminate\\Database\\Console\\Migrations\\MigrateCommand->handle()
#20 C:\\Users\\manue\\Desktop\\POST EXAMS\\TFG_Grupal\\TFG_Grupal_Estado_Animo\\vendor\\laravel\\framework\\src\\Illuminate\\Container\\Util.php(41): Illuminate\\Container\\BoundMethod::Illuminate\\Container\\{closure}()
#21 C:\\Users\\manue\\Desktop\\POST EXAMS\\TFG_Grupal\\TFG_Grupal_Estado_Animo\\vendor\\laravel\\framework\\src\\Illuminate\\Container\\BoundMethod.php(93): Illuminate\\Container\\Util::unwrapIfClosure(Object(Closure))
#22 C:\\Users\\manue\\Desktop\\POST EXAMS\\TFG_Grupal\\TFG_Grupal_Estado_Animo\\vendor\\laravel\\framework\\src\\Illuminate\\Container\\BoundMethod.php(37): Illuminate\\Container\\BoundMethod::callBoundMethod(Object(Illuminate\\Foundation\\Application), Array, Object(Closure))
#23 C:\\Users\\manue\\Desktop\\POST EXAMS\\TFG_Grupal\\TFG_Grupal_Estado_Animo\\vendor\\laravel\\framework\\src\\Illuminate\\Container\\Container.php(661): Illuminate\\Container\\BoundMethod::call(Object(Illuminate\\Foundation\\Application), Array, Array, NULL)
#24 C:\\Users\\manue\\Desktop\\POST EXAMS\\TFG_Grupal\\TFG_Grupal_Estado_Animo\\vendor\\laravel\\framework\\src\\Illuminate\\Console\\Command.php(183): Illuminate\\Container\\Container->call(Array)
#25 C:\\Users\\manue\\Desktop\\POST EXAMS\\TFG_Grupal\\TFG_Grupal_Estado_Animo\\vendor\\symfony\\console\\Command\\Command.php(291): Illuminate\\Console\\Command->execute(Object(Symfony\\Component\\Console\\Input\\ArgvInput), Object(Illuminate\\Console\\OutputStyle))
#26 C:\\Users\\manue\\Desktop\\POST EXAMS\\TFG_Grupal\\TFG_Grupal_Estado_Animo\\vendor\\laravel\\framework\\src\\Illuminate\\Console\\Command.php(153): Symfony\\Component\\Console\\Command\\Command->run(Object(Symfony\\Component\\Console\\Input\\ArgvInput), Object(Illuminate\\Console\\OutputStyle))
#27 C:\\Users\\manue\\Desktop\\POST EXAMS\\TFG_Grupal\\TFG_Grupal_Estado_Animo\\vendor\\symfony\\console\\Application.php(1014): Illuminate\\Console\\Command->run(Object(Symfony\\Component\\Console\\Input\\ArgvInput), Object(Symfony\\Component\\Console\\Output\\ConsoleOutput))
#28 C:\\Users\\manue\\Desktop\\POST EXAMS\\TFG_Grupal\\TFG_Grupal_Estado_Animo\\vendor\\symfony\\console\\Application.php(301): Symfony\\Component\\Console\\Application->doRunCommand(Object(Illuminate\\Database\\Console\\Migrations\\MigrateCommand), Object(Symfony\\Component\\Console\\Input\\ArgvInput), Object(Symfony\\Component\\Console\\Output\\ConsoleOutput))
#29 C:\\Users\\manue\\Desktop\\POST EXAMS\\TFG_Grupal\\TFG_Grupal_Estado_Animo\\vendor\\symfony\\console\\Application.php(171): Symfony\\Component\\Console\\Application->doRun(Object(Symfony\\Component\\Console\\Input\\ArgvInput), Object(Symfony\\Component\\Console\\Output\\ConsoleOutput))
#30 C:\\Users\\manue\\Desktop\\POST EXAMS\\TFG_Grupal\\TFG_Grupal_Estado_Animo\\vendor\\laravel\\framework\\src\\Illuminate\\Console\\Application.php(102): Symfony\\Component\\Console\\Application->run(Object(Symfony\\Component\\Console\\Input\\ArgvInput), Object(Symfony\\Component\\Console\\Output\\ConsoleOutput))
#31 C:\\Users\\manue\\Desktop\\POST EXAMS\\TFG_Grupal\\TFG_Grupal_Estado_Animo\\vendor\\laravel\\framework\\src\\Illuminate\\Foundation\\Console\\Kernel.php(155): Illuminate\\Console\\Application->run(Object(Symfony\\Component\\Console\\Input\\ArgvInput), Object(Symfony\\Component\\Console\\Output\\ConsoleOutput))
#32 C:\\Users\\manue\\Desktop\\POST EXAMS\\TFG_Grupal\\TFG_Grupal_Estado_Animo\\artisan(37): Illuminate\\Foundation\\Console\\Kernel->handle(Object(Symfony\\Component\\Console\\Input\\ArgvInput), Object(Symfony\\Component\\Console\\Output\\ConsoleOutput))
#33 {main}

[previous exception] [object] (PDOException(code: 42S01): SQLSTATE[42S01]: Base table or view already exists: 1050 Table 'eventos' already exists at C:\\Users\\manue\\Desktop\\POST EXAMS\\TFG_Grupal\\TFG_Grupal_Estado_Animo\\vendor\\laravel\\framework\\src\\Illuminate\\Database\\Connection.php:545)
[stacktrace]
#0 C:\\Users\\manue\\Desktop\\POST EXAMS\\TFG_Grupal\\TFG_Grupal_Estado_Animo\\vendor\\laravel\\framework\\src\\Illuminate\\Database\\Connection.php(545): PDOStatement->execute()
#1 C:\\Users\\manue\\Desktop\\POST EXAMS\\TFG_Grupal\\TFG_Grupal_Estado_Animo\\vendor\\laravel\\framework\\src\\Illuminate\\Database\\Connection.php(753): Illuminate\\Database\\Connection->Illuminate\\Database\\{closure}('create table `e...', Array)
#2 C:\\Users\\manue\\Desktop\\POST EXAMS\\TFG_Grupal\\TFG_Grupal_Estado_Animo\\vendor\\laravel\\framework\\src\\Illuminate\\Database\\Connection.php(720): Illuminate\\Database\\Connection->runQueryCallback('create table `e...', Array, Object(Closure))
#3 C:\\Users\\manue\\Desktop\\POST EXAMS\\TFG_Grupal\\TFG_Grupal_Estado_Animo\\vendor\\laravel\\framework\\src\\Illuminate\\Database\\Connection.php(546): Illuminate\\Database\\Connection->run('create table `e...', Array, Object(Closure))
#4 C:\\Users\\manue\\Desktop\\POST EXAMS\\TFG_Grupal\\TFG_Grupal_Estado_Animo\\vendor\\laravel\\framework\\src\\Illuminate\\Database\\Schema\\Blueprint.php(109): Illuminate\\Database\\Connection->statement('create table `e...')
#5 C:\\Users\\manue\\Desktop\\POST EXAMS\\TFG_Grupal\\TFG_Grupal_Estado_Animo\\vendor\\laravel\\framework\\src\\Illuminate\\Database\\Schema\\Builder.php(439): Illuminate\\Database\\Schema\\Blueprint->build(Object(Illuminate\\Database\\MySqlConnection), Object(Illuminate\\Database\\Schema\\Grammars\\MySqlGrammar))
#6 C:\\Users\\manue\\Desktop\\POST EXAMS\\TFG_Grupal\\TFG_Grupal_Estado_Animo\\vendor\\laravel\\framework\\src\\Illuminate\\Database\\Schema\\Builder.php(285): Illuminate\\Database\\Schema\\Builder->build(Object(Illuminate\\Database\\Schema\\Blueprint))
#7 C:\\Users\\manue\\Desktop\\POST EXAMS\\TFG_Grupal\\TFG_Grupal_Estado_Animo\\vendor\\laravel\\framework\\src\\Illuminate\\Support\\Facades\\Facade.php(338): Illuminate\\Database\\Schema\\Builder->create('eventos', Object(Closure))
#8 C:\\Users\\manue\\Desktop\\POST EXAMS\\TFG_Grupal\\TFG_Grupal_Estado_Animo\\database\\migrations\\2024_02_19_075709_create_eventos_table.php(27): Illuminate\\Support\\Facades\\Facade::__callStatic('create', Array)
#9 C:\\Users\\manue\\Desktop\\POST EXAMS\\TFG_Grupal\\TFG_Grupal_Estado_Animo\\vendor\\laravel\\framework\\src\\Illuminate\\Database\\Migrations\\Migrator.php(488): Illuminate\\Database\\Migrations\\Migration@anonymous->up()
#10 C:\\Users\\manue\\Desktop\\POST EXAMS\\TFG_Grupal\\TFG_Grupal_Estado_Animo\\vendor\\laravel\\framework\\src\\Illuminate\\Database\\Migrations\\Migrator.php(406): Illuminate\\Database\\Migrations\\Migrator->runMethod(Object(Illuminate\\Database\\MySqlConnection), Object(Illuminate\\Database\\Migrations\\Migration@anonymous), 'up')
#11 C:\\Users\\manue\\Desktop\\POST EXAMS\\TFG_Grupal\\TFG_Grupal_Estado_Animo\\vendor\\laravel\\framework\\src\\Illuminate\\Database\\Migrations\\Migrator.php(415): Illuminate\\Database\\Migrations\\Migrator->Illuminate\\Database\\Migrations\\{closure}()
#12 C:\\Users\\manue\\Desktop\\POST EXAMS\\TFG_Grupal\\TFG_Grupal_Estado_Animo\\vendor\\laravel\\framework\\src\\Illuminate\\Database\\Migrations\\Migrator.php(216): Illuminate\\Database\\Migrations\\Migrator->runMigration(Object(Illuminate\\Database\\Migrations\\Migration@anonymous), 'up')
#13 C:\\Users\\manue\\Desktop\\POST EXAMS\\TFG_Grupal\\TFG_Grupal_Estado_Animo\\vendor\\laravel\\framework\\src\\Illuminate\\Console\\View\\Components\\Task.php(37): Illuminate\\Database\\Migrations\\Migrator->Illuminate\\Database\\Migrations\\{closure}()
#14 C:\\Users\\manue\\Desktop\\POST EXAMS\\TFG_Grupal\\TFG_Grupal_Estado_Animo\\vendor\\laravel\\framework\\src\\Illuminate\\Database\\Migrations\\Migrator.php(751): Illuminate\\Console\\View\\Components\\Task->render('2024_02_19_0757...', Object(Closure))
#15 C:\\Users\\manue\\Desktop\\POST EXAMS\\TFG_Grupal\\TFG_Grupal_Estado_Animo\\vendor\\laravel\\framework\\src\\Illuminate\\Database\\Migrations\\Migrator.php(216): Illuminate\\Database\\Migrations\\Migrator->write('Illuminate\\\\Cons...', '2024_02_19_0757...', Object(Closure))
#16 C:\\Users\\manue\\Desktop\\POST EXAMS\\TFG_Grupal\\TFG_Grupal_Estado_Animo\\vendor\\laravel\\framework\\src\\Illuminate\\Database\\Migrations\\Migrator.php(181): Illuminate\\Database\\Migrations\\Migrator->runUp('C:\\\\Users\\\\manue\\\\...', 2, false)
#17 C:\\Users\\manue\\Desktop\\POST EXAMS\\TFG_Grupal\\TFG_Grupal_Estado_Animo\\vendor\\laravel\\framework\\src\\Illuminate\\Database\\Migrations\\Migrator.php(124): Illuminate\\Database\\Migrations\\Migrator->runPending(Array, Array)
#18 C:\\Users\\manue\\Desktop\\POST EXAMS\\TFG_Grupal\\TFG_Grupal_Estado_Animo\\vendor\\laravel\\framework\\src\\Illuminate\\Database\\Console\\Migrations\\MigrateCommand.php(90): Illuminate\\Database\\Migrations\\Migrator->run(Array, Array)
#19 C:\\Users\\manue\\Desktop\\POST EXAMS\\TFG_Grupal\\TFG_Grupal_Estado_Animo\\vendor\\laravel\\framework\\src\\Illuminate\\Database\\Migrations\\Migrator.php(628): Illuminate\\Database\\Console\\Migrations\\MigrateCommand->Illuminate\\Database\\Console\\Migrations\\{closure}()
#20 C:\\Users\\manue\\Desktop\\POST EXAMS\\TFG_Grupal\\TFG_Grupal_Estado_Animo\\vendor\\laravel\\framework\\src\\Illuminate\\Database\\Console\\Migrations\\MigrateCommand.php(102): Illuminate\\Database\\Migrations\\Migrator->usingConnection(NULL, Object(Closure))
#21 C:\\Users\\manue\\Desktop\\POST EXAMS\\TFG_Grupal\\TFG_Grupal_Estado_Animo\\vendor\\laravel\\framework\\src\\Illuminate\\Container\\BoundMethod.php(36): Illuminate\\Database\\Console\\Migrations\\MigrateCommand->handle()
#22 C:\\Users\\manue\\Desktop\\POST EXAMS\\TFG_Grupal\\TFG_Grupal_Estado_Animo\\vendor\\laravel\\framework\\src\\Illuminate\\Container\\Util.php(41): Illuminate\\Container\\BoundMethod::Illuminate\\Container\\{closure}()
#23 C:\\Users\\manue\\Desktop\\POST EXAMS\\TFG_Grupal\\TFG_Grupal_Estado_Animo\\vendor\\laravel\\framework\\src\\Illuminate\\Container\\BoundMethod.php(93): Illuminate\\Container\\Util::unwrapIfClosure(Object(Closure))
#24 C:\\Users\\manue\\Desktop\\POST EXAMS\\TFG_Grupal\\TFG_Grupal_Estado_Animo\\vendor\\laravel\\framework\\src\\Illuminate\\Container\\BoundMethod.php(37): Illuminate\\Container\\BoundMethod::callBoundMethod(Object(Illuminate\\Foundation\\Application), Array, Object(Closure))
#25 C:\\Users\\manue\\Desktop\\POST EXAMS\\TFG_Grupal\\TFG_Grupal_Estado_Animo\\vendor\\laravel\\framework\\src\\Illuminate\\Container\\Container.php(661): Illuminate\\Container\\BoundMethod::call(Object(Illuminate\\Foundation\\Application), Array, Array, NULL)
#26 C:\\Users\\manue\\Desktop\\POST EXAMS\\TFG_Grupal\\TFG_Grupal_Estado_Animo\\vendor\\laravel\\framework\\src\\Illuminate\\Console\\Command.php(183): Illuminate\\Container\\Container->call(Array)
#27 C:\\Users\\manue\\Desktop\\POST EXAMS\\TFG_Grupal\\TFG_Grupal_Estado_Animo\\vendor\\symfony\\console\\Command\\Command.php(291): Illuminate\\Console\\Command->execute(Object(Symfony\\Component\\Console\\Input\\ArgvInput), Object(Illuminate\\Console\\OutputStyle))
#28 C:\\Users\\manue\\Desktop\\POST EXAMS\\TFG_Grupal\\TFG_Grupal_Estado_Animo\\vendor\\laravel\\framework\\src\\Illuminate\\Console\\Command.php(153): Symfony\\Component\\Console\\Command\\Command->run(Object(Symfony\\Component\\Console\\Input\\ArgvInput), Object(Illuminate\\Console\\OutputStyle))
#29 C:\\Users\\manue\\Desktop\\POST EXAMS\\TFG_Grupal\\TFG_Grupal_Estado_Animo\\vendor\\symfony\\console\\Application.php(1014): Illuminate\\Console\\Command->run(Object(Symfony\\Component\\Console\\Input\\ArgvInput), Object(Symfony\\Component\\Console\\Output\\ConsoleOutput))
#30 C:\\Users\\manue\\Desktop\\POST EXAMS\\TFG_Grupal\\TFG_Grupal_Estado_Animo\\vendor\\symfony\\console\\Application.php(301): Symfony\\Component\\Console\\Application->doRunCommand(Object(Illuminate\\Database\\Console\\Migrations\\MigrateCommand), Object(Symfony\\Component\\Console\\Input\\ArgvInput), Object(Symfony\\Component\\Console\\Output\\ConsoleOutput))
#31 C:\\Users\\manue\\Desktop\\POST EXAMS\\TFG_Grupal\\TFG_Grupal_Estado_Animo\\vendor\\symfony\\console\\Application.php(171): Symfony\\Component\\Console\\Application->doRun(Object(Symfony\\Component\\Console\\Input\\ArgvInput), Object(Symfony\\Component\\Console\\Output\\ConsoleOutput))
#32 C:\\Users\\manue\\Desktop\\POST EXAMS\\TFG_Grupal\\TFG_Grupal_Estado_Animo\\vendor\\laravel\\framework\\src\\Illuminate\\Console\\Application.php(102): Symfony\\Component\\Console\\Application->run(Object(Symfony\\Component\\Console\\Input\\ArgvInput), Object(Symfony\\Component\\Console\\Output\\ConsoleOutput))
#33 C:\\Users\\manue\\Desktop\\POST EXAMS\\TFG_Grupal\\TFG_Grupal_Estado_Animo\\vendor\\laravel\\framework\\src\\Illuminate\\Foundation\\Console\\Kernel.php(155): Illuminate\\Console\\Application->run(Object(Symfony\\Component\\Console\\Input\\ArgvInput), Object(Symfony\\Component\\Console\\Output\\ConsoleOutput))
#34 C:\\Users\\manue\\Desktop\\POST EXAMS\\TFG_Grupal\\TFG_Grupal_Estado_Animo\\artisan(37): Illuminate\\Foundation\\Console\\Kernel->handle(Object(Symfony\\Component\\Console\\Input\\ArgvInput), Object(Symfony\\Component\\Console\\Output\\ConsoleOutput))
#35 {main}
"} 
